
ROM used: 238 (12%)
          238 (12%) including unused fragments

          1 Average locations per line
          4 Average locations per statement

RAM used: 6 (3%) at main() level
          7 (3%) worst case

Stack used: 1 worst case (out of 8 total available)

Lines Stmts  %   Files
----- ----- ---  -----
   49    55 100  yasin.c
  205     0   0  C:\Program Files\PICC\devices\16F628A.h
----- -----
  254    55 Total

Page ROM  %  RAM   Vol Diff  Functions:
---- --- --- ---   --- ----  ----------
0     21   9   1             @delay_ms1
0    213  89   0  1487  2.0  main

Program metrics:
    Functions               1
    Statements              55
    Comments                68
    Volume (V)              1490
    Difficilty (D)          1.9
    Effort to implement (E) 2898
    Time to implement (T)   3 minutes
    Est Delivered Bugs (B)  0
    Cyclomatic Complexity   1
    Maintainability (MI)    78

 Segment     Used  Free
-----------  ----  ----
00000-00003     4  0  
00004-007FF   234  1810  



THE FOLLOWING IS TEMPORARY FOR DIAGNOSTIC USE ONLY:

    n1    n2    N1    N2   v(G)
     0     1     0     0     0    @delay_ms1
     4   109   111   107     0    main
